pygame 2.6.1 (SDL 2.28.4, Python 3.13.5)
Hello from the pygame community. https://www.pygame.org/contribute.html
pygame 2.6.1 (SDL 2.28.4, Python 3.13.5)
Hello from the pygame community. https://www.pygame.org/contribute.html
pygame 2.6.1 (SDL 2.28.4, Python 3.13.5)
Hello from the pygame community. https://www.pygame.org/contribute.html
pygame 2.6.1 (SDL 2.28.4, Python 3.13.5)
Hello from the pygame community. https://www.pygame.org/contribute.html
pygame 2.6.1 (SDL 2.28.4, Python 3.13.5)
Hello from the pygame community. https://www.pygame.org/contribute.html
pygame 2.6.1 (SDL 2.28.4, Python 3.13.5)
Hello from the pygame community. https://www.pygame.org/contribute.html
pygame 2.6.1 (SDL 2.28.4, Python 3.13.5)
Hello from the pygame community. https://www.pygame.org/contribute.html
[INFO] Loaded from CSV: measurement=0.251603, depth=0.16
pygame 2.6.1 (SDL 2.28.4, Python 3.13.5)
Hello from the pygame community. https://www.pygame.org/contribute.html
[INFO] Loaded from CSV: measurement=0.077542, depth=0.0
game 2.6.1 (SDL 2.28.4, Python 3.13.5)
Hello from the pygame community. https://www.pygame.org/contribute.html
[INFO] Loaded from CSV: measurement=0.013, depth=0.45
pygame 2.6.1 (SDL 2.28.4, Python 3.13.5)
Hello from the pygame community. https://www.pygame.org/contribute.html
[INFO] Loaded from CSV: measurement=0.041433, depth=0.0
pygame 2.6.1 (SDL 2.28.4, Python 3.13.5)
Hello from the pygame community. https://www.pygame.org/contribute.html
[INFO] Loaded from CSV: measurement=0.0, depth=0.45
pygame 2.6.1 (SDL 2.28.4, Python 3.13.5)
Hello from the pygame community. https://www.pygame.org/contribute.html
[INFO] Loaded from CSV: measurement=0.118492, depth=0.0
pygame 2.6.1 (SDL 2.28.4, Python 3.13.5)
Hello from the pygame community. https://www.pygame.org/contribute.html
[INFO] Loaded from CSV: measurement=0.052411, depth=0.0
pygame 2.6.1 (SDL 2.28.4, Python 3.13.5)
Hello from the pygame community. https://www.pygame.org/contribute.html
[INFO] Loaded from CSV: measurement=38.0, depth=0.5
pygame 2.6.1 (SDL 2.28.4, Python 3.13.5)
Hello from the pygame community. https://www.pygame.org/contribute.html
[INFO] Loaded from CSV: measurement=0.022993, depth=0.0
pygame 2.6.1 (SDL 2.28.4, Python 3.13.5)
Hello from the pygame community. https://www.pygame.org/contribute.html
[INFO] Loaded from CSV: measurement=0.052411, depth=0.0
pygame 2.6.1 (SDL 2.28.4, Python 3.13.5)
Hello from the pygame community. https://www.pygame.org/contribute.html
[INFO] Loaded from CSV: measurement=0.14836, depth=0.0
pygame 2.6.1 (SDL 2.28.4, Python 3.13.5)
Hello from the pygame community. https://www.pygame.org/contribute.html
[INFO] Loaded from CSV: measurement=0.693459, depth=0.0
pygame 2.6.1 (SDL 2.28.4, Python 3.13.5)
Hello from the pygame community. https://www.pygame.org/contribute.html
[INFO] Loaded from CSV: measurement=0.041433, depth=0.0
pygame 2.6.1 (SDL 2.28.4, Python 3.13.5)
Hello from the pygame community. https://www.pygame.org/contribute.html
[INFO] Loaded from CSV: measurement=0.037082, depth=0.0
pygame 2.6.1 (SDL 2.28.4, Python 3.13.5)
Hello from the pygame community. https://www.pygame.org/contribute.html
[INFO] Loaded from CSV: measurement=0.052411, depth=0.0
pygame 2.6.1 (SDL 2.28.4, Python 3.13.5)
Hello from the pygame community. https://www.pygame.org/contribute.html
[INFO] Loaded from CSV: measurement=0.052411, depth=0.0
pygame 2.6.1 (SDL 2.28.4, Python 3.13.5)
Hello from the pygame community. https://www.pygame.org/contribute.html
[INFO] Loaded from CSV: measurement=0.030111, depth=0.0
pygame 2.6.1 (SDL 2.28.4, Python 3.13.5)
Hello from the pygame community. https://www.pygame.org/contribute.html
[INFO] Loaded from CSV: measurement=0.26, depth=0.0
pygame 2.6.1 (SDL 2.28.4, Python 3.13.5)
Hello from the pygame community. https://www.pygame.org/contribute.html
[INFO] Loaded from CSV: measurement=0.002178, depth=0.0
pygame 2.6.1 (SDL 2.28.4, Python 3.13.5)
Hello from the pygame community. https://www.pygame.org/contribute.html
[INFO] Loaded from CSV: measurement=20.0, depth=0.5
pygame 2.6.1 (SDL 2.28.4, Python 3.13.5)
Hello from the pygame community. https://www.pygame.org/contribute.html
[INFO] Loaded from CSV: measurement=0.07019, depth=0.0
pygame 2.6.1 (SDL 2.28.4, Python 3.13.5)
Hello from the pygame community. https://www.pygame.org/contribute.html
[INFO] Loaded from CSV: measurement=0.022993, depth=0.0
pygame 2.6.1 (SDL 2.28.4, Python 3.13.5)
Hello from the pygame community. https://www.pygame.org/contribute.html
[INFO] Loaded from CSV: measurement=0.0, depth=0.0
.0
pygame 2.6.1 (SDL 2.28.4, Python 3.13.5)
Hello from the pygame community. https://www.pygame.org/contribute.html
[INFO] Loaded from CSV: measurement=0.118492, depth=0.0
pygame 2.6.1 (SDL 2.28.4, Python 3.13.5)
Hello from the pygame community. https://www.pygame.org/contribute.html
[INFO] Loaded from CSV: measurement=44.0, depth=0.5
.0
pygame 2.6.1 (SDL 2.28.4, Python 3.13.5)
Hello from the pygame community. https://www.pygame.org/contribute.html
[INFO] Loaded from CSV: measurement=0.048233, depth=0.0
pygame 2.6.1 (SDL 2.28.4, Python 3.13.5)
Hello from the pygame community. https://www.pygame.org/contribute.html
[INFO] Loaded from CSV: measurement=0.116978, depth=0.0
pygame 2.6.1 (SDL 2.28.4, Python 3.13.5)
Hello from the pygame community. https://www.pygame.org/contribute.html
[INFO] Loaded from CSV: measurement=0.118492, depth=0.0
pygame 2.6.1 (SDL 2.28.4, Python 3.13.5)
Hello from the pygame community. https://www.pygame.org/contribute.html
[INFO] Loaded from CSV: measurement=0.028222, depth=0.0
pygame 2.6.1 (SDL 2.28.4, Python 3.13.5)
Hello from the pygame community. https://www.pygame.org/contribute.html
[INFO] Loaded from CSV: measurement=0.14836, depth=0.0
pygame 2.6.1 (SDL 2.28.4, Python 3.13.5)
Hello from the pygame community. https://www.pygame.org/contribute.html
[INFO] Loaded from CSV: measurement=0.14836, depth=0.0

pygame 2.6.1 (SDL 2.28.4, Python 3.13.5)
Hello from the pygame community. https://www.pygame.org/contribute.html
[INFO] Loaded from CSV: measurement=0.0, depth=0.45
